e:\visual_studio\bfs_dfs\graphics\graphics\debug\vc143.pdb
e:\visual_studio\bfs_dfs\graphics\graphics\debug\vc143.idb
e:\visual_studio\bfs_dfs\graphics\graphics\debug\vertex.obj
e:\visual_studio\bfs_dfs\graphics\graphics\debug\main.obj
e:\visual_studio\bfs_dfs\graphics\graphics\debug\edge.obj
e:\visual_studio\bfs_dfs\graphics\graphics\debug\comparevertices.obj
e:\visual_studio\bfs_dfs\graphics\graphics\debug\cell.obj
e:\visual_studio\bfs_dfs\graphics\graphics\debug\comparecells.obj
e:\visual_studio\bfs_dfs\graphics\graphics\debug\rootdistancecomparecells.obj
e:\visual_studio\bfs_dfs\graphics\graphics\debug\distancecomparecells.obj
e:\visual_studio\bfs_dfs\graphics\graphics\debug\node.obj
e:\visual_studio\bfs_dfs\graphics\graphics\debug\comparenodes.obj
e:\visual_studio\bfs_dfs\graphics\debug\graphics.exe
e:\visual_studio\bfs_dfs\graphics\graphics\debug\graphics.ilk
e:\visual_studio\bfs_dfs\graphics\debug\graphics.pdb
e:\visual_studio\bfs_dfs\graphics\graphics\debug\graphics.tlog\cl.command.1.tlog
e:\visual_studio\bfs_dfs\graphics\graphics\debug\graphics.tlog\cl.read.1.tlog
e:\visual_studio\bfs_dfs\graphics\graphics\debug\graphics.tlog\cl.write.1.tlog
e:\visual_studio\bfs_dfs\graphics\graphics\debug\graphics.tlog\link.command.1.tlog
e:\visual_studio\bfs_dfs\graphics\graphics\debug\graphics.tlog\link.read.1.tlog
e:\visual_studio\bfs_dfs\graphics\graphics\debug\graphics.tlog\link.write.1.tlog
